{"D:\\All About Programing\\microverse\\WithinMicroverse\\JavaScript and Networking\\Week 3\\day 2\\PracticingTest\\index.js": {"path":"D:\\All About Programing\\microverse\\WithinMicroverse\\JavaScript and Networking\\Week 3\\day 2\\PracticingTest\\index.js","statementMap":{"0":{"start":{"line":1,"column":20},"end":{"line":7,"column":1}},"1":{"start":{"line":2,"column":1},"end":{"line":6,"column":3}},"2":{"start":{"line":3,"column":4},"end":{"line":3,"column":22}},"3":{"start":{"line":5,"column":4},"end":{"line":5,"column":13}},"4":{"start":{"line":8,"column":0},"end":{"line":8,"column":47}}},"fnMap":{"0":{"name":"(anonymous_0)","decl":{"start":{"line":1,"column":20},"end":{"line":1,"column":21}},"loc":{"start":{"line":1,"column":29},"end":{"line":7,"column":1}},"line":1}},"branchMap":{"0":{"loc":{"start":{"line":2,"column":1},"end":{"line":6,"column":3}},"type":"if","locations":[{"start":{"line":2,"column":1},"end":{"line":6,"column":3}},{"start":{"line":4,"column":7},"end":{"line":6,"column":3}}],"line":2},"1":{"loc":{"start":{"line":2,"column":5},"end":{"line":2,"column":40}},"type":"binary-expr","locations":[{"start":{"line":2,"column":5},"end":{"line":2,"column":20}},{"start":{"line":2,"column":24},"end":{"line":2,"column":40}}],"line":2}},"s":{"0":1,"1":4,"2":1,"3":3,"4":1},"f":{"0":4},"b":{"0":[1,3],"1":[4,3]},"_coverageSchema":"1a1c01bbd47fc00a2c39e90264f33305004495a9","hash":"8fa4c654976f41a965fbb94474134f87d4cc2521"}
}
